<?xml version="1.0" encoding="UTF-8"?>
<!-- Generated by org.testng.reporters.JUnitReportReporter -->
<testsuite hostname="DESKTOP-6E2LR27" failures="0" tests="2" name="sampletestScripts.SamplePrg" time="0.019" errors="0" timestamp="2023-07-11T12:11:12 IST" skipped="0">
  <testcase classname="sampletestScripts.SamplePrg" name="m1" time="0.016"/>
  <system-out/>
  <testcase classname="sampletestScripts.SamplePrg" name="m2" time="0.003"/>
  <system-out/>
</testsuite> <!-- sampletestScripts.SamplePrg -->
